2025-07-02 13:01:39,963 - INFO - ロギングを設定しました
2025-07-02 13:01:39,968 - INFO - ロギングを設定しました
2025-07-02 13:01:39,968 - INFO - 必要なフォルダを作成します
2025-07-02 13:01:39,969 - INFO - フォルダを作成しました: E:\oasobi\deportare_registro\R7_登録受付処理\処理済み受付データ
2025-07-02 13:01:39,969 - INFO - フォルダを作成しました: E:\oasobi\deportare_registro\R7_登録受付処理\クラブ情報
2025-07-02 13:01:39,970 - INFO - フォルダを作成しました: E:\oasobi\deportare_registro\R7_登録受付処理\申請状況
2025-07-02 13:01:39,970 - INFO - フォルダを作成しました: E:\oasobi\deportare_registro\R7_登録受付処理\受付内容チェック\総合チェックリスト
2025-07-02 13:01:39,971 - INFO - フォルダを作成しました: E:\oasobi\deportare_registro\R7_登録受付処理\受付内容チェック\書類01チェックリスト
2025-07-02 13:01:39,971 - INFO - フォルダを作成しました: E:\oasobi\deportare_registro\R7_登録受付処理\受付内容チェック\書類02-1チェックリスト
2025-07-02 13:01:39,971 - INFO - フォルダを作成しました: E:\oasobi\deportare_registro\R7_登録受付処理\受付内容チェック\書類02-2チェックリスト
2025-07-02 13:01:39,971 - INFO - フォルダを作成しました: E:\oasobi\deportare_registro\R7_登録受付処理\受付内容チェック\書類03チェックリスト
2025-07-02 13:01:39,972 - INFO - フォルダを作成しました: E:\oasobi\deportare_registro\R7_登録受付処理\受付内容チェック\書類04チェックリスト
2025-07-02 13:01:39,972 - INFO - フォルダを作成しました: E:\oasobi\deportare_registro\R7_登録受付処理\受付内容チェック\書類05計画書チェックリスト
2025-07-02 13:01:39,972 - INFO - フォルダを作成しました: E:\oasobi\deportare_registro\R7_登録受付処理\受付内容チェック\書類05予算書チェックリスト
2025-07-02 13:01:39,972 - INFO - フォルダを作成しました: E:\oasobi\deportare_registro\R7_登録受付処理\受付内容チェック\書類06報告書チェックリスト
2025-07-02 13:01:39,973 - INFO - フォルダを作成しました: E:\oasobi\deportare_registro\R7_登録受付処理\受付内容チェック\書類06決算書チェックリスト
2025-07-02 13:01:39,973 - INFO - フォルダを作成しました: E:\oasobi\deportare_registro\R7_登録受付処理\受付内容チェック\書類07チェックリスト
2025-07-02 13:01:39,973 - INFO - フォルダを作成しました: E:\oasobi\deportare_registro\R7_登録受付処理\受付内容チェック\書類08チェックリスト
2025-07-02 13:01:39,973 - INFO - フォルダを作成しました: E:\oasobi\deportare_registro\R7_登録受付処理\受付内容チェック\書類09チェックリスト
2025-07-02 13:01:39,974 - INFO - フォルダを作成しました: E:\oasobi\deportare_registro\R7_登録受付処理\受付内容チェック\書類10チェックリスト
2025-07-02 13:01:39,974 - INFO - フォルダを作成しました: E:\oasobi\deportare_registro\R7_登録受付処理\受付内容チェック\会員と議決権保有者の一貫性チェックリスト
2025-07-02 13:01:39,974 - INFO - フォルダを作成しました: E:\oasobi\deportare_registro\R7_登録受付処理\受付内容チェック\活動種目の一貫性チェックリスト
2025-07-02 13:01:39,974 - INFO - フォルダを作成しました: E:\oasobi\deportare_registro\R7_登録受付処理\受付内容チェック\議事録の一貫性チェックリスト
2025-07-02 13:01:39,975 - INFO - フォルダを作成しました: E:\oasobi\deportare_registro\R7_登録受付処理\受付内容チェック\クラブごとの詳細データ
2025-07-02 13:01:39,975 - INFO - 必要なフォルダを作成しました
2025-07-02 13:01:39,975 - INFO - 受付データ処理の受付を開始します
2025-07-02 13:01:39,976 - INFO - ロギングを設定しました
2025-07-02 13:01:39,976 - INFO - ロギングを設定しました
2025-07-02 13:01:39,977 - INFO - 申請データを探しています
2025-07-02 13:01:39,977 - ERROR - 申請データファイルが見つかりません
2025-07-02 13:01:39,977 - INFO - 最新の申請データファイルを特定しています
2025-07-02 13:01:39,978 - INFO - 最新の申請データファイル: None
2025-07-02 13:01:39,978 - ERROR - 最新の申請データファイルが見つかりません
2025-07-02 13:01:39,978 - INFO - 最新の申請データの作成日から、申請データを読み込む必要があるかを判断しています
2025-07-02 13:01:39,978 - INFO - 処理済み申請データファイルが見つかりません
2025-07-02 13:01:39,978 - INFO - 最新の処理済み申請データファイルを特定しています
2025-07-02 13:01:39,978 - INFO - 最新の処理済み申請データファイル: None
2025-07-02 13:01:39,978 - ERROR - 最新の処理済み申請データファイルが見つかりません
2025-07-02 13:01:39,978 - ERROR - 最新の申請データファイルまたは最新の処理済み申請データファイルが見つかりません
2025-07-02 13:01:39,978 - INFO - 申請データを読み込む必要がないため、処理を終了します
2025-07-02 13:01:39,978 - ERROR - 受付データ処理に失敗しました。処理を終了します。
2025-07-02 13:03:29,890 - INFO - ロギングを設定しました
2025-07-02 13:03:29,890 - INFO - ロギングを設定しました
2025-07-02 13:03:29,890 - INFO - 必要なフォルダを作成します
2025-07-02 13:03:29,891 - INFO - 必要なフォルダを作成しました
2025-07-02 13:03:29,891 - INFO - 受付データ処理の受付を開始します
2025-07-02 13:03:29,892 - INFO - ロギングを設定しました
2025-07-02 13:03:29,892 - INFO - ロギングを設定しました
2025-07-02 13:03:29,893 - INFO - 申請データを探しています
2025-07-02 13:03:29,893 - ERROR - 申請データファイルが見つかりません
2025-07-02 13:03:29,893 - INFO - 最新の申請データファイルを特定しています
2025-07-02 13:03:29,893 - INFO - 最新の申請データファイル: None
2025-07-02 13:03:29,893 - ERROR - 最新の申請データファイルが見つかりません
2025-07-02 13:03:29,893 - INFO - 最新の申請データの作成日から、申請データを読み込む必要があるかを判断しています
2025-07-02 13:03:29,893 - INFO - 処理済み申請データファイルが見つかりません
2025-07-02 13:03:29,893 - INFO - 最新の処理済み申請データファイルを特定しています
2025-07-02 13:03:29,893 - INFO - 最新の処理済み申請データファイル: None
2025-07-02 13:03:29,893 - ERROR - 最新の処理済み申請データファイルが見つかりません
2025-07-02 13:03:29,893 - ERROR - 最新の申請データファイルまたは最新の処理済み申請データファイルが見つかりません
2025-07-02 13:03:29,893 - INFO - 申請データを読み込む必要がないため、処理を終了します
2025-07-02 13:03:29,894 - ERROR - 受付データ処理に失敗しました。処理を終了します。
2025-07-02 13:04:34,635 - INFO - ロギングを設定しました
2025-07-02 13:04:34,635 - INFO - ロギングを設定しました
2025-07-02 13:04:34,635 - INFO - 必要なフォルダを作成します
2025-07-02 13:04:34,636 - INFO - 必要なフォルダを作成しました
2025-07-02 13:04:34,636 - INFO - 受付データ処理の受付を開始します
2025-07-02 13:04:34,638 - INFO - ロギングを設定しました
2025-07-02 13:04:34,638 - INFO - ロギングを設定しました
2025-07-02 13:04:34,638 - INFO - 申請データを探しています
2025-07-02 13:04:34,638 - ERROR - 申請データファイルが見つかりません
2025-07-02 13:04:34,638 - INFO - 最新の申請データファイルを特定しています
2025-07-02 13:04:34,638 - INFO - 最新の申請データファイル: None
2025-07-02 13:04:34,638 - ERROR - 最新の申請データファイルが見つかりません
2025-07-02 13:04:34,639 - INFO - 最新の申請データの作成日から、申請データを読み込む必要があるかを判断しています
2025-07-02 13:04:34,639 - INFO - 処理済み申請データファイルが見つかりません
2025-07-02 13:04:34,639 - INFO - 最新の処理済み申請データファイルを特定しています
2025-07-02 13:04:34,639 - INFO - 最新の処理済み申請データファイル: None
2025-07-02 13:04:34,639 - ERROR - 最新の処理済み申請データファイルが見つかりません
2025-07-02 13:04:34,639 - ERROR - 最新の申請データファイルまたは最新の処理済み申請データファイルが見つかりません
2025-07-02 13:04:34,639 - INFO - 申請データを読み込む必要がないため、処理を終了します
2025-07-02 13:04:34,639 - ERROR - 受付データ処理に失敗しました。処理を終了します。
2025-07-02 13:04:39,244 - INFO - ロギングを設定しました
2025-07-02 13:04:39,244 - INFO - ロギングを設定しました
2025-07-02 13:04:39,244 - INFO - 必要なフォルダを作成します
2025-07-02 13:04:39,245 - INFO - 必要なフォルダを作成しました
2025-07-02 13:04:39,245 - INFO - 受付データ処理の受付を開始します
2025-07-02 13:04:39,246 - INFO - ロギングを設定しました
2025-07-02 13:04:39,246 - INFO - ロギングを設定しました
2025-07-02 13:04:39,247 - INFO - 申請データを探しています
2025-07-02 13:04:39,247 - ERROR - 申請データファイルが見つかりません
2025-07-02 13:04:39,247 - INFO - 最新の申請データファイルを特定しています
2025-07-02 13:04:39,247 - INFO - 最新の申請データファイル: None
2025-07-02 13:04:39,247 - ERROR - 最新の申請データファイルが見つかりません
2025-07-02 13:04:39,247 - INFO - 最新の申請データの作成日から、申請データを読み込む必要があるかを判断しています
2025-07-02 13:04:39,247 - INFO - 処理済み申請データファイルが見つかりません
2025-07-02 13:04:39,247 - INFO - 最新の処理済み申請データファイルを特定しています
2025-07-02 13:04:39,247 - INFO - 最新の処理済み申請データファイル: None
2025-07-02 13:04:39,247 - ERROR - 最新の処理済み申請データファイルが見つかりません
2025-07-02 13:04:39,247 - ERROR - 最新の申請データファイルまたは最新の処理済み申請データファイルが見つかりません
2025-07-02 13:04:39,247 - INFO - 申請データを読み込む必要がないため、処理を終了します
2025-07-02 13:04:39,247 - ERROR - 受付データ処理に失敗しました。処理を終了します。
2025-07-02 13:04:40,602 - INFO - ロギングを設定しました
2025-07-02 13:04:40,602 - INFO - ロギングを設定しました
2025-07-02 13:04:40,602 - INFO - 必要なフォルダを作成します
2025-07-02 13:04:40,602 - INFO - 必要なフォルダを作成しました
2025-07-02 13:04:40,602 - INFO - 受付データ処理の受付を開始します
2025-07-02 13:04:40,604 - INFO - ロギングを設定しました
2025-07-02 13:04:40,604 - INFO - ロギングを設定しました
2025-07-02 13:04:40,604 - INFO - 申請データを探しています
2025-07-02 13:04:40,604 - ERROR - 申請データファイルが見つかりません
2025-07-02 13:04:40,605 - INFO - 最新の申請データファイルを特定しています
2025-07-02 13:04:40,605 - INFO - 最新の申請データファイル: None
2025-07-02 13:04:40,605 - ERROR - 最新の申請データファイルが見つかりません
2025-07-02 13:04:40,605 - INFO - 最新の申請データの作成日から、申請データを読み込む必要があるかを判断しています
2025-07-02 13:04:40,605 - INFO - 処理済み申請データファイルが見つかりません
2025-07-02 13:04:40,605 - INFO - 最新の処理済み申請データファイルを特定しています
2025-07-02 13:04:40,605 - INFO - 最新の処理済み申請データファイル: None
2025-07-02 13:04:40,605 - ERROR - 最新の処理済み申請データファイルが見つかりません
2025-07-02 13:04:40,605 - ERROR - 最新の申請データファイルまたは最新の処理済み申請データファイルが見つかりません
2025-07-02 13:04:40,605 - INFO - 申請データを読み込む必要がないため、処理を終了します
2025-07-02 13:04:40,605 - ERROR - 受付データ処理に失敗しました。処理を終了します。
